Watching for file changes with StatReloader
Performing system checks...

System check identified some issues:

WARNINGS:
?: (staticfiles.W004) The directory '/home/namenroodle/git/CS499/react-django/backend/static' in the STATICFILES_DIRS setting does not exist.

System check identified 1 issue (0 silenced).
April 20, 2023 - 15:00:59
Django version 4.2, using settings 'backend.settings'
Starting development server at http://127.0.0.1:8000/
Quit the server with CONTROL-C.

Not Found: /
[20/Apr/2023 15:04:05] "GET / HTTP/1.1" 404 2521
[20/Apr/2023 15:04:15] "GET /cities HTTP/1.1" 301 0
/home/namenroodle/git/CS499/react-django/backend/backend/settings.py changed, reloading.
Watching for file changes with StatReloader
Performing system checks...

System check identified some issues:

WARNINGS:
?: (staticfiles.W004) The directory '/home/namenroodle/git/CS499/react-django/backend/static' in the STATICFILES_DIRS setting does not exist.

System check identified 1 issue (0 silenced).
April 20, 2023 - 15:08:49
Django version 4.2, using settings 'backend.settings'
Starting development server at http://127.0.0.1:8000/
Quit the server with CONTROL-C.

[20/Apr/2023 15:09:02] "GET /cities HTTP/1.1" 301 0
Watching for file changes with StatReloader
Performing system checks...

System check identified some issues:

WARNINGS:
?: (staticfiles.W004) The directory '/home/namenroodle/git/CS499/react-django/backend/static' in the STATICFILES_DIRS setting does not exist.

System check identified 1 issue (0 silenced).
April 20, 2023 - 15:11:04
Django version 4.2, using settings 'backend.settings'
Starting development server at http://127.0.0.1:8000/
Quit the server with CONTROL-C.

[20/Apr/2023 15:11:17] "GET /events HTTP/1.1" 301 0
Not Found: /
[20/Apr/2023 15:15:48] "GET / HTTP/1.0" 404 2521
Not Found: /console/
[20/Apr/2023 15:19:21] "GET /console/ HTTP/1.0" 404 2563
Watching for file changes with StatReloader
Performing system checks...

System check identified some issues:

WARNINGS:
?: (staticfiles.W004) The directory '/home/namenroodle/git/CS499/react-django/backend/static' in the STATICFILES_DIRS setting does not exist.

System check identified 1 issue (0 silenced).
April 20, 2023 - 15:22:35
Django version 4.2, using settings 'backend.settings'
Starting development server at http://localhost:9000/
Quit the server with CONTROL-C.

[20/Apr/2023 15:23:20] "GET /cities HTTP/1.1" 301 0
Method Not Allowed: /cities/
[20/Apr/2023 15:26:14] "HEAD /cities/ HTTP/1.0" 405 0
Not Found: /Autodiscover/Autodiscover.xml
[20/Apr/2023 15:28:23] "POST /Autodiscover/Autodiscover.xml HTTP/1.0" 404 2627
Not Found: /_ignition/execute-solution
[20/Apr/2023 15:35:44] "GET /_ignition/execute-solution HTTP/1.0" 404 2617
/home/namenroodle/git/CS499/react-django/backend/backend/settings.py changed, reloading.
Watching for file changes with StatReloader
Performing system checks...

System check identified some issues:

WARNINGS:
?: (staticfiles.W004) The directory '/home/namenroodle/git/CS499/react-django/backend/static' in the STATICFILES_DIRS setting does not exist.

System check identified 1 issue (0 silenced).
April 20, 2023 - 15:35:46
Django version 4.2, using settings 'backend.settings'
Starting development server at http://127.0.0.1:8000/
Quit the server with CONTROL-C.

/home/namenroodle/git/CS499/react-django/backend/backend/settings.py changed, reloading.
Watching for file changes with StatReloader
Performing system checks...

System check identified some issues:

WARNINGS:
?: (staticfiles.W004) The directory '/home/namenroodle/git/CS499/react-django/backend/static' in the STATICFILES_DIRS setting does not exist.

System check identified 1 issue (0 silenced).
April 20, 2023 - 15:35:47
Django version 4.2, using settings 'backend.settings'
Starting development server at http://localhost:9000/
Quit the server with CONTROL-C.

Method Not Allowed: /cities/
[20/Apr/2023 15:36:10] "HEAD /cities/ HTTP/1.0" 405 0
Not Found: /
[20/Apr/2023 15:37:23] "GET / HTTP/1.0" 404 2521
/home/namenroodle/git/CS499/react-django/backend/backend/settings.py changed, reloading.
Watching for file changes with StatReloader
Performing system checks...

System check identified some issues:

WARNINGS:
?: (staticfiles.W004) The directory '/home/namenroodle/git/CS499/react-django/backend/static' in the STATICFILES_DIRS setting does not exist.

System check identified 1 issue (0 silenced).
April 20, 2023 - 15:38:43
Django version 4.2, using settings 'backend.settings'
Starting development server at http://localhost:9000/
Quit the server with CONTROL-C.

/home/namenroodle/git/CS499/react-django/backend/backend/settings.py changed, reloading.
Watching for file changes with StatReloader
Performing system checks...

System check identified some issues:

WARNINGS:
?: (staticfiles.W004) The directory '/home/namenroodle/git/CS499/react-django/backend/static' in the STATICFILES_DIRS setting does not exist.

System check identified 1 issue (0 silenced).
April 20, 2023 - 15:38:44
Django version 4.2, using settings 'backend.settings'
Starting development server at http://127.0.0.1:8000/
Quit the server with CONTROL-C.

Method Not Allowed: /cities/
[20/Apr/2023 15:38:46] "HEAD /cities/ HTTP/1.0" 405 0
Not Found: /
[20/Apr/2023 15:56:44] "GET / HTTP/1.0" 404 2521
Not Found: /
[20/Apr/2023 15:59:29] "GET / HTTP/1.0" 404 2521
Not Found: /actuator/gateway/routes
[20/Apr/2023 16:00:04] "GET /actuator/gateway/routes HTTP/1.0" 404 2608
Not Found: /
[20/Apr/2023 16:02:35] "GET / HTTP/1.0" 404 2521
Not Found: /geoserver
[20/Apr/2023 16:27:24] "GET /geoserver HTTP/1.0" 404 2566
